[+] Containers:
 |- [+] Container: /Game/ThirdPerson/Maps/ThirdPersonMap
 |   |- [+] ActorDescs:
 |   |   |- Guid:0DA7880E4C19066982F6D685A78978E1 BaseClass: NativeClass:/Script/Engine.StaticMeshActor Name:StaticMeshActor_UAID_A8A159D7F552802D02_1614740546 Label:Cube22 SpatiallyLoaded:1 Bounds:IsValid=true, Min=(X=2345.249 Y=159.437 Z=225.000), Max=(X=2445.249 Y=284.437 Z=375.000) RuntimeGrid:None EditorOnly:0 RuntimeOnly:0 HLODRelevant:1 ListedInSceneOutliner:1 IsMainWorldOnly:0
 |   |   |- Guid:11F9749E46D759D8B39A379EDAF83274 BaseClass: NativeClass:/Script/Engine.StaticMeshActor Name:StaticMeshActor_UAID_A8A159D7F552232D02_1349668188 Label:Cube14 SpatiallyLoaded:1 Bounds:IsValid=true, Min=(X=1872.500 Y=920.000 Z=-2.500), Max=(X=2347.500 Y=1020.000 Z=322.500) RuntimeGrid:None EditorOnly:0 RuntimeOnly:0 HLODRelevant:1 ListedInSceneOutliner:1 IsMainWorldOnly:0
 |   |   |- Guid:1F29356B45E4F760E1FD6994A3F75B18 BaseClass: NativeClass:/Script/Engine.StaticMeshActor Name:StaticMeshActor_UAID_A8A159D7F552232D02_1540376191 Label:Cube17 SpatiallyLoaded:1 Bounds:IsValid=true, Min=(X=802.500 Y=1205.000 Z=-2.500), Max=(X=877.500 Y=1355.000 Z=322.500) RuntimeGrid:None EditorOnly:0 RuntimeOnly:0 HLODRelevant:1 ListedInSceneOutliner:1 IsMainWorldOnly:0
 |   |   |- Guid:26A860564FD0F9F9336557B7B08B8ADD BaseClass: NativeClass:/Script/Engine.StaticMeshActor Name:StaticMeshActor_UAID_A8A159D7F552232D02_1201255185 Label:Cube11 SpatiallyLoaded:1 Bounds:IsValid=true, Min=(X=1185.000 Y=1122.500 Z=-2.500), Max=(X=1335.000 Y=1197.500 Z=322.500) RuntimeGrid:None EditorOnly:0 RuntimeOnly:0 HLODRelevant:1 ListedInSceneOutliner:1 IsMainWorldOnly:0
 |   |   |- Guid:27A092974BF44E960C72B7AB9C08B1EC BaseClass: NativeClass:/Script/Engine.StaticMeshActor Name:StaticMeshActor_UAID_A8A159D7F552232D02_1582081192 Label:Cube18 SpatiallyLoaded:1 Bounds:IsValid=true, Min=(X=1677.500 Y=2000.000 Z=-2.500), Max=(X=1802.500 Y=2100.000 Z=322.500) RuntimeGrid:None EditorOnly:0 RuntimeOnly:0 HLODRelevant:1 ListedInSceneOutliner:1 IsMainWorldOnly:0
 |   |   |- Guid:2FB58999456391D349DC0F86DAC136ED BaseClass: NativeClass:/Script/Engine.SkyLight Name:SkyLight_1 Label:SkyLight SpatiallyLoaded:0 Bounds:IsValid=true, Min=(X=0.000 Y=0.000 Z=690.000), Max=(X=0.000 Y=0.000 Z=690.000) RuntimeGrid:None EditorOnly:0 RuntimeOnly:0 HLODRelevant:0 ListedInSceneOutliner:1 IsMainWorldOnly:0 FolderPath:Lighting FolderGuid:963EC3EB4002CCE9759E2EBA541A873A
 |   |   |- Guid:2FFA6EF84CAC5E8C1B53968B90C7D628 BaseClass: NativeClass:/Script/Engine.StaticMeshActor Name:StaticMeshActor_UAID_A8A159D7F552232D02_1486683190 Label:Cube16 SpatiallyLoaded:1 Bounds:IsValid=true, Min=(X=1332.500 Y=1110.000 Z=-2.500), Max=(X=1807.500 Y=1210.000 Z=322.500) RuntimeGrid:None EditorOnly:0 RuntimeOnly:0 HLODRelevant:1 ListedInSceneOutliner:1 IsMainWorldOnly:0
 |   |   |- Guid:316CF2A6494ACA4C0E4180A87D36AB8F BaseClass: NativeClass:/Script/Engine.ExponentialHeightFog Name:ExponentialHeightFog_0 Label:ExponentialHeightFog SpatiallyLoaded:0 Bounds:IsValid=true, Min=(X=-5600.000 Y=-50.000 Z=-6850.000), Max=(X=-5600.000 Y=-50.000 Z=-6850.000) RuntimeGrid:None EditorOnly:0 RuntimeOnly:0 HLODRelevant:0 ListedInSceneOutliner:1 IsMainWorldOnly:0 FolderPath:Lighting FolderGuid:963EC3EB4002CCE9759E2EBA541A873A
 |   |   |- Guid:319B3F0545220F521835ACA89A3CFFD8 BaseClass:/Game/MyProject/Blueprints/BP_Door.BP_Door_C NativeClass:/Script/Engine.Actor Name:BP_Door_C_UAID_A8A159D7F5527F2D02_1460704367 Label:BP_Door SpatiallyLoaded:1 Bounds:IsValid=true, Min=(X=2296.000 Y=148.000 Z=-42.000), Max=(X=2504.000 Y=292.000 Z=262.000) RuntimeGrid:None EditorOnly:0 RuntimeOnly:0 HLODRelevant:0 ListedInSceneOutliner:1 IsMainWorldOnly:0
 |   |   |- Guid:393FBC3E4645C54357C526BD76A58812 BaseClass: NativeClass:/Script/Engine.StaticMeshActor Name:StaticMeshActor_UAID_A8A159D7F552222D02_1874977004 Label:Cube6 SpatiallyLoaded:1 Bounds:IsValid=true, Min=(X=2345.249 Y=2509.437 Z=0.000), Max=(X=2445.249 Y=2834.437 Z=400.000) RuntimeGrid:None EditorOnly:0 RuntimeOnly:0 HLODRelevant:1 ListedInSceneOutliner:1 IsMainWorldOnly:0
 |   |   |- Guid:3A00AA1C422CE54C0BDB60BAF471BFBB BaseClass: NativeClass:/Script/Engine.PlayerStart Name:PlayerStart_0 Label:PlayerStart SpatiallyLoaded:0 Bounds:IsValid=true, Min=(X=860.000 Y=1070.000 Z=0.013), Max=(X=940.000 Y=1150.000 Z=184.013) RuntimeGrid:None EditorOnly:0 RuntimeOnly:0 HLODRelevant:0 ListedInSceneOutliner:1 IsMainWorldOnly:0
 |   |   |- Guid:3AAABCCA45F3215257A1E093FC05D8C7 BaseClass: NativeClass:/Script/Engine.StaticMeshActor Name:StaticMeshActor_UAID_A8A159D7F552232D02_1161666184 Label:Cube10 SpatiallyLoaded:1 Bounds:IsValid=true, Min=(X=790.000 Y=1347.500 Z=-2.500), Max=(X=890.000 Y=1972.500 Z=322.500) RuntimeGrid:None EditorOnly:0 RuntimeOnly:0 HLODRelevant:1 ListedInSceneOutliner:1 IsMainWorldOnly:0
 |   |   |- Guid:4300D5424D9C558ADE0256929329627E BaseClass: NativeClass:/Script/Engine.StaticMeshActor Name:StaticMeshActor_UAID_A8A159D7F552222D02_1992948006 Label:Cube8 SpatiallyLoaded:1 Bounds:IsValid=true, Min=(X=790.000 Y=2107.500 Z=-2.500), Max=(X=890.000 Y=2732.500 Z=322.500) RuntimeGrid:None EditorOnly:0 RuntimeOnly:0 HLODRelevant:1 ListedInSceneOutliner:1 IsMainWorldOnly:0
 |   |   |- Guid:43815E84492231AFC407F59E3C28176B BaseClass: NativeClass:/Script/Engine.StaticMeshActor Name:StaticMeshActor_4 Label:SM_Cube6 SpatiallyLoaded:1 Bounds:IsValid=true, Min=(X=2900.000 Y=100.000 Z=0.000), Max=(X=3000.000 Y=3400.000 Z=400.000) RuntimeGrid:None EditorOnly:0 RuntimeOnly:0 HLODRelevant:1 ListedInSceneOutliner:1 IsMainWorldOnly:0 FolderPath:Playground FolderGuid:C73F09FC4215536B1DCE2A9E0A830C70
 |   |   |- Guid:4D3BE93F4146AAAC8BBE79999D96D57F BaseClass: NativeClass:/Script/Engine.VolumetricCloud Name:VolumetricCloud_0 Label:VolumetricCloud SpatiallyLoaded:0 Bounds:IsValid=true, Min=(X=0.000 Y=0.000 Z=820.000), Max=(X=0.000 Y=0.000 Z=820.000) RuntimeGrid:None EditorOnly:0 RuntimeOnly:0 HLODRelevant:0 ListedInSceneOutliner:1 IsMainWorldOnly:0 FolderPath:Lighting FolderGuid:963EC3EB4002CCE9759E2EBA541A873A
 |   |   |- Guid:5B97F4A64FB21F77EFC44386BF705B4C BaseClass: NativeClass:/Script/Engine.TextRenderActor Name:TextRenderActor_1 Label:TextRenderActor SpatiallyLoaded:1 Bounds:IsValid=true, Min=(X=-0.100 Y=1100.000 Z=65.013), Max=(X=-0.100 Y=2392.308 Z=215.013) RuntimeGrid:None EditorOnly:0 RuntimeOnly:0 HLODRelevant:0 ListedInSceneOutliner:1 IsMainWorldOnly:0
 |   |   |- Guid:5EC69C8F46B61463A5CB59A11877A8DA BaseClass: NativeClass:/Script/Engine.StaticMeshActor Name:StaticMeshActor_UAID_A8A159D7F552232D02_1125558183 Label:Cube9 SpatiallyLoaded:1 Bounds:IsValid=true, Min=(X=802.500 Y=1965.000 Z=-2.500), Max=(X=877.500 Y=2115.000 Z=322.500) RuntimeGrid:None EditorOnly:0 RuntimeOnly:0 HLODRelevant:1 ListedInSceneOutliner:1 IsMainWorldOnly:0
 |   |   |- Guid:617FD3D54279D004AF8AD79210C9AE3C BaseClass:/Game/MyProject/Blueprints/BP_Button.BP_Button_C NativeClass:/Script/Engine.Actor Name:BP_Button_C_UAID_A8A159D7F552302D02_1345459491 Label:BP_Button SpatiallyLoaded:1 Bounds:IsValid=true, Min=(X=736.000 Y=526.000 Z=86.000), Max=(X=864.000 Y=654.000 Z=214.000) RuntimeGrid:None EditorOnly:0 RuntimeOnly:0 HLODRelevant:0 ListedInSceneOutliner:1 IsMainWorldOnly:0
 |   |   |- Guid:62B7012A43E6BC07DF161DA1E49367F1 BaseClass: NativeClass:/Script/Engine.StaticMeshActor Name:StaticMeshActor_UAID_A8A159D7F552222D02_1705484001 Label:Cube3 SpatiallyLoaded:1 Bounds:IsValid=true, Min=(X=2345.249 Y=699.437 Z=0.000), Max=(X=2445.249 Y=1024.437 Z=400.000) RuntimeGrid:None EditorOnly:0 RuntimeOnly:0 HLODRelevant:1 ListedInSceneOutliner:1 IsMainWorldOnly:0
 |   |   |- Guid:692249384D4F88891C4DEABC8F7D7CC3 BaseClass: NativeClass:/Script/Engine.StaticMeshActor Name:StaticMeshActor_UAID_A8A159D7F552222D02_1543884000 Label:Cube2 SpatiallyLoaded:1 Bounds:IsValid=true, Min=(X=914.811 Y=100.000 Z=320.000), Max=(X=2445.189 Y=700.000 Z=420.000) RuntimeGrid:None EditorOnly:0 RuntimeOnly:0 HLODRelevant:1 ListedInSceneOutliner:1 IsMainWorldOnly:0
 |   |   |- Guid:6BAF4DDD444C60371492D3919DB42C97 BaseClass: NativeClass:/Script/Engine.WorldDataLayers Name:WorldDataLayers Label:WorldDataLayers SpatiallyLoaded:0 Bounds:IsValid=true, Min=(X=0.000 Y=0.000 Z=0.000), Max=(X=0.000 Y=0.000 Z=0.000) RuntimeGrid:None EditorOnly:0 RuntimeOnly:0 HLODRelevant:0 ListedInSceneOutliner:1 IsMainWorldOnly:1
 |   |   |- Guid:6C725209498CA043698841902D462D30 BaseClass:/Game/MyProject/Blueprints/BP_Camera.BP_Camera_C NativeClass:/Script/Engine.Pawn Name:BP_Camera_C_UAID_A8A159D7F5529B2D02_1207364297 Label:BP_Camera SpatiallyLoaded:1 Bounds:IsValid=true, Min=(X=1139.072 Y=1582.000 Z=229.072), Max=(X=1160.928 Y=1630.000 Z=250.928) RuntimeGrid:None EditorOnly:0 RuntimeOnly:0 HLODRelevant:0 ListedInSceneOutliner:1 IsMainWorldOnly:0
 |   |   |- Guid:6E4CD58F442B34BF307BE6B31F2AB3C5 BaseClass:/Game/MyProject/Blueprints/BP_Gate.BP_Gate_C NativeClass:/Script/Engine.Actor Name:BP_Gate_C_UAID_A8A159D7F552822D02_1077953902 Label:BP_Gate SpatiallyLoaded:1 Bounds:IsValid=true, Min=(X=1242.500 Y=2012.500 Z=-10.000), Max=(X=1717.500 Y=2087.500 Z=390.000) RuntimeGrid:None EditorOnly:0 RuntimeOnly:0 HLODRelevant:0 ListedInSceneOutliner:1 IsMainWorldOnly:0
 |   |   |- Guid:6E6603B246C35CD758EC1FA56B29985C BaseClass: NativeClass:/Script/Engine.StaticMeshActor Name:StaticMeshActor_UAID_A8A159D7F552222D02_1868889003 Label:Cube5 SpatiallyLoaded:1 Bounds:IsValid=true, Min=(X=2345.249 Y=1946.937 Z=0.000), Max=(X=2445.249 Y=2096.937 Z=400.000) RuntimeGrid:None EditorOnly:0 RuntimeOnly:0 HLODRelevant:1 ListedInSceneOutliner:1 IsMainWorldOnly:0
 |   |   |- Guid:730602D14CCDD3A5C88ECAA36DC4F773 BaseClass: NativeClass:/Script/Engine.StaticMeshActor Name:StaticMeshActor_UAID_A8A159D7F552232D02_1398150189 Label:Cube15 SpatiallyLoaded:1 Bounds:IsValid=true, Min=(X=1800.000 Y=682.500 Z=-2.500), Max=(X=1900.000 Y=2757.500 Z=322.500) RuntimeGrid:None EditorOnly:0 RuntimeOnly:0 HLODRelevant:1 ListedInSceneOutliner:1 IsMainWorldOnly:0
 |   |   |- Guid:7612E9DC4BFA9718191E188D35BF3C5D BaseClass: NativeClass:/Script/Engine.PlayerStart Name:PlayerStart_UAID_A8A159D7F552242D02_2071332372 Label:PlayerStart SpatiallyLoaded:0 Bounds:IsValid=true, Min=(X=300.000 Y=320.000 Z=0.000), Max=(X=380.000 Y=400.000 Z=184.000) RuntimeGrid:None EditorOnly:0 RuntimeOnly:0 HLODRelevant:0 ListedInSceneOutliner:1 IsMainWorldOnly:0
 |   |   |- Guid:7690A51F42BF7D50B804A7998A569DF6 BaseClass:/Game/MyProject/Blueprints/BP_ButtonGate.BP_ButtonGate_C NativeClass:/Script/Engine.Actor Name:BP_ButtonGate_C_UAID_A8A159D7F552972D02_1138958591 Label:BP_ButtonGate SpatiallyLoaded:1 Bounds:IsValid=true, Min=(X=1726.000 Y=1646.000 Z=66.000), Max=(X=1854.000 Y=1774.000 Z=194.000) RuntimeGrid:None EditorOnly:0 RuntimeOnly:0 HLODRelevant:0 ListedInSceneOutliner:1 IsMainWorldOnly:0
 |   |   |- Guid:8131A02A44A439B20B3CBEAC9223E99F BaseClass: NativeClass:/Script/Engine.StaticMeshActor Name:StaticMeshActor_UAID_A8A159D7F552802D02_1565856544 Label:Cube20 SpatiallyLoaded:1 Bounds:IsValid=true, Min=(X=2345.249 Y=279.437 Z=0.000), Max=(X=2445.249 Y=604.437 Z=400.000) RuntimeGrid:None EditorOnly:0 RuntimeOnly:0 HLODRelevant:1 ListedInSceneOutliner:1 IsMainWorldOnly:0
 |   |   |- Guid:94C46D92454D9EEE8181B4888099CBA0 BaseClass: NativeClass:/Script/Engine.StaticMeshActor Name:StaticMeshActor_UAID_A8A159D7F552222D02_1319459999 Label:Cube SpatiallyLoaded:1 Bounds:IsValid=true, Min=(X=95.000 Y=600.000 Z=-2.500), Max=(X=2445.000 Y=700.000 Z=322.500) RuntimeGrid:None EditorOnly:0 RuntimeOnly:0 HLODRelevant:1 ListedInSceneOutliner:1 IsMainWorldOnly:0
 |   |   |- Guid:990CB42D4F37EFA4F7CD5D8999F3B1B5 BaseClass: NativeClass:/Script/Engine.StaticMeshActor Name:StaticMeshActor_UAID_A8A159D7F552802D02_1585650545 Label:Cube21 SpatiallyLoaded:1 Bounds:IsValid=true, Min=(X=2345.249 Y=39.437 Z=0.000), Max=(X=2445.249 Y=164.437 Z=400.000) RuntimeGrid:None EditorOnly:0 RuntimeOnly:0 HLODRelevant:1 ListedInSceneOutliner:1 IsMainWorldOnly:0
 |   |   |- Guid:A56216954B2165CF0F35A886B537D536 BaseClass: NativeClass:/Script/Engine.StaticMeshActor Name:StaticMeshActor_0 Label:SM_Cube5 SpatiallyLoaded:1 Bounds:IsValid=true, Min=(X=-0.000 Y=100.000 Z=0.000), Max=(X=100.000 Y=3400.000 Z=400.000) RuntimeGrid:None EditorOnly:0 RuntimeOnly:0 HLODRelevant:1 ListedInSceneOutliner:1 IsMainWorldOnly:0 FolderPath:Playground FolderGuid:C73F09FC4215536B1DCE2A9E0A830C70
 |   |   |- Guid:AC1F91D54236A5DB666B7DB79E5E2533 BaseClass:/Game/MyProject/Blueprints/Pawns/BP_Turret.BP_Turret_C NativeClass:/Script/Engine.Pawn Name:BP_Turret_C_UAID_A8A159D7F552292D02_1160349257 Label:BP_Turret5 SpatiallyLoaded:1 Bounds:IsValid=true, Min=(X=2061.809 Y=1701.334 Z=-6.794), Max=(X=2161.809 Y=1808.774 Z=135.032) RuntimeGrid:None EditorOnly:0 RuntimeOnly:0 HLODRelevant:0 ListedInSceneOutliner:1 IsMainWorldOnly:0
 |   |   |- Guid:AD31D50248593CAB3E56AE82FF2AB32E BaseClass:/Game/MyProject/Blueprints/BP_PointLight.BP_PointLight_C NativeClass:/Script/Engine.Actor Name:BP_PointLight_C_UAID_A8A159D7F552342D02_1744984203 Label:BP_PointLight2 SpatiallyLoaded:1 Bounds:IsValid=true, Min=(X=400.000 Y=-690.000 Z=-700.000), Max=(X=2400.000 Y=1310.000 Z=1300.000) RuntimeGrid:None EditorOnly:0 RuntimeOnly:0 HLODRelevant:0 ListedInSceneOutliner:1 IsMainWorldOnly:0
 |   |   |- Guid:B12A58F34466BE1815E2978E2F258D7D BaseClass: NativeClass:/Script/Engine.StaticMeshActor Name:StaticMeshActor_UAID_A8A159D7F552232D02_1610960193 Label:Cube19 SpatiallyLoaded:1 Bounds:IsValid=true, Min=(X=1147.500 Y=2000.000 Z=-2.500), Max=(X=1272.500 Y=2100.000 Z=322.500) RuntimeGrid:None EditorOnly:0 RuntimeOnly:0 HLODRelevant:1 ListedInSceneOutliner:1 IsMainWorldOnly:0
 |   |   |- Guid:B352A7C9498E2589A23A9DAB1F291545 BaseClass: NativeClass:/Script/Engine.StaticMeshActor Name:StaticMeshActor_UAID_A8A159D7F552232D02_1209106186 Label:Cube12 SpatiallyLoaded:1 Bounds:IsValid=true, Min=(X=790.000 Y=1110.000 Z=-2.500), Max=(X=1190.000 Y=1210.000 Z=322.500) RuntimeGrid:None EditorOnly:0 RuntimeOnly:0 HLODRelevant:1 ListedInSceneOutliner:1 IsMainWorldOnly:0
 |   |   |- Guid:B785ED2844B84CFB91E7F39FE661CD99 BaseClass: NativeClass:/Script/Engine.DirectionalLight Name:DirectionalLight_0 Label:DirectionalLight SpatiallyLoaded:0 Bounds:IsValid=true, Min=(X=-1048576.000 Y=-1048576.000 Z=-1048576.000), Max=(X=1048576.000 Y=1048576.000 Z=1048576.000) RuntimeGrid:None EditorOnly:0 RuntimeOnly:0 HLODRelevant:0 ListedInSceneOutliner:1 IsMainWorldOnly:0 FolderPath:Lighting FolderGuid:963EC3EB4002CCE9759E2EBA541A873A
 |   |   |- Guid:BC08B79C4EA3C961CFF75EBBE83B367D BaseClass: NativeClass:/Script/Engine.StaticMeshActor Name:StaticMeshActor_5 Label:SM_Cube2 SpatiallyLoaded:1 Bounds:IsValid=true, Min=(X=0.000 Y=0.000 Z=0.000), Max=(X=3000.000 Y=100.000 Z=400.000) RuntimeGrid:None EditorOnly:0 RuntimeOnly:0 HLODRelevant:1 ListedInSceneOutliner:1 IsMainWorldOnly:0 FolderPath:Playground FolderGuid:C73F09FC4215536B1DCE2A9E0A830C70
 |   |   |- Guid:BF87BDE84AA2C7494D5B02BAE5AF42C9 BaseClass:/Game/MyProject/Blueprints/BP_PointLight.BP_PointLight_C NativeClass:/Script/Engine.Actor Name:BP_PointLight_C_UAID_A8A159D7F552812D02_1449880723 Label:BP_PointLight3 SpatiallyLoaded:1 Bounds:IsValid=true, Min=(X=740.000 Y=-690.000 Z=-700.000), Max=(X=2740.000 Y=1310.000 Z=1300.000) RuntimeGrid:None EditorOnly:0 RuntimeOnly:0 HLODRelevant:0 ListedInSceneOutliner:1 IsMainWorldOnly:0
 |   |   |- Guid:CC4456124971974C87261BB8E88E41F7 BaseClass: NativeClass:/Script/Engine.StaticMeshActor Name:StaticMeshActor_UAID_A8A159D7F552222D02_1843127002 Label:Cube4 SpatiallyLoaded:1 Bounds:IsValid=true, Min=(X=2345.249 Y=1416.937 Z=0.000), Max=(X=2445.249 Y=1566.937 Z=400.000) RuntimeGrid:None EditorOnly:0 RuntimeOnly:0 HLODRelevant:1 ListedInSceneOutliner:1 IsMainWorldOnly:0
 |   |   |- Guid:CCFF262C46EEFFDF319E7F9539CE697E BaseClass: NativeClass:/Script/Engine.SkyAtmosphere Name:SkyAtmosphere_0 Label:SkyAtmosphere SpatiallyLoaded:0 Bounds:IsValid=true, Min=(X=0.000 Y=0.000 Z=1020.000), Max=(X=0.000 Y=0.000 Z=1020.000) RuntimeGrid:None EditorOnly:0 RuntimeOnly:0 HLODRelevant:0 ListedInSceneOutliner:1 IsMainWorldOnly:0 FolderPath:Lighting FolderGuid:963EC3EB4002CCE9759E2EBA541A873A
 |   |   |- Guid:EC4E0C944CE6AC6E784BC6BB2916EA13 BaseClass: NativeClass:/Script/Engine.StaticMeshActor Name:StaticMeshActor_UAID_A4AE111137DC5EFB00_1110535423 Label:SM_SkySphere SpatiallyLoaded:0 Bounds:IsValid=true, Min=(X=-1638400.000 Y=-1638400.000 Z=-1638400.000), Max=(X=1638400.000 Y=1638400.000 Z=1638400.000) RuntimeGrid:None EditorOnly:0 RuntimeOnly:0 HLODRelevant:1 ListedInSceneOutliner:1 IsMainWorldOnly:0 FolderPath:Lighting FolderGuid:963EC3EB4002CCE9759E2EBA541A873A
 |   |   |- Guid:EFAFBA4F4270EBF267251297B1310767 BaseClass: NativeClass:/Script/Engine.StaticMeshActor Name:StaticMeshActor_UAID_A8A159D7F552232D02_1280657187 Label:Cube13 SpatiallyLoaded:1 Bounds:IsValid=true, Min=(X=1050.000 Y=1172.500 Z=-2.500), Max=(X=1150.000 Y=2747.500 Z=322.500) RuntimeGrid:None EditorOnly:0 RuntimeOnly:0 HLODRelevant:1 ListedInSceneOutliner:1 IsMainWorldOnly:0
 |   |   |- Guid:EFCB6A3640235541FF9B8988D57AC827 BaseClass:/Game/MyProject/Blueprints/Pawns/BP_Turret.BP_Turret_C NativeClass:/Script/Engine.Pawn Name:BP_Turret_C_UAID_A8A159D7F552272D02_1445720903 Label:BP_Turret3 SpatiallyLoaded:1 Bounds:IsValid=true, Min=(X=2061.809 Y=1161.334 Z=-6.794), Max=(X=2161.809 Y=1268.774 Z=135.032) RuntimeGrid:None EditorOnly:0 RuntimeOnly:0 HLODRelevant:0 ListedInSceneOutliner:1 IsMainWorldOnly:0
 |   |   |- Guid:F041217A4977CE1C0261B99892738D4F BaseClass: NativeClass:/Script/Engine.StaticMeshActor Name:StaticMeshActor_UAID_A8A159D7F552222D02_1948684005 Label:Cube7 SpatiallyLoaded:1 Bounds:IsValid=true, Min=(X=782.500 Y=2730.000 Z=-2.500), Max=(X=2357.500 Y=2830.000 Z=322.500) RuntimeGrid:None EditorOnly:0 RuntimeOnly:0 HLODRelevant:1 ListedInSceneOutliner:1 IsMainWorldOnly:0
 |   |   |- Guid:F1924B8D48954B30891B2DB6A694F9CC BaseClass: NativeClass:/Script/Engine.StaticMeshActor Name:StaticMeshActor_1 Label:SM_Cube SpatiallyLoaded:1 Bounds:IsValid=true, Min=(X=0.000 Y=0.000 Z=-50.000), Max=(X=3000.000 Y=3500.000 Z=0.000) RuntimeGrid:None EditorOnly:0 RuntimeOnly:0 HLODRelevant:1 ListedInSceneOutliner:1 IsMainWorldOnly:0 FolderPath:Playground FolderGuid:C73F09FC4215536B1DCE2A9E0A830C70
 |   |   |- Guid:F5E3FEB3450C49844FD93DA8E083C8AD BaseClass: NativeClass:/Script/Engine.PostProcessVolume Name:PostProcessVolume_0 Label:PostProcessVolume SpatiallyLoaded:0 Bounds:IsValid=true, Min=(X=0.000 Y=0.000 Z=400.000), Max=(X=200.000 Y=200.000 Z=600.000) RuntimeGrid:None EditorOnly:0 RuntimeOnly:0 HLODRelevant:0 ListedInSceneOutliner:1 IsMainWorldOnly:0 FolderPath:Lighting FolderGuid:963EC3EB4002CCE9759E2EBA541A873A
 |   |   |- Guid:FEBD12BA4A2DAC354E2BBAB1680660C6 BaseClass:/Game/MyProject/Blueprints/Pawns/BP_Turret.BP_Turret_C NativeClass:/Script/Engine.Pawn Name:BP_Turret_C_UAID_A8A159D7F552292D02_1166136258 Label:BP_Turret6 SpatiallyLoaded:1 Bounds:IsValid=true, Min=(X=2061.809 Y=2241.334 Z=-6.794), Max=(X=2161.809 Y=2348.774 Z=135.032) RuntimeGrid:None EditorOnly:0 RuntimeOnly:0 HLODRelevant:0 ListedInSceneOutliner:1 IsMainWorldOnly:0
 |   |   |- Guid:FF698C67459ADB4982D7759C0905EE9F BaseClass: NativeClass:/Script/Engine.StaticMeshActor Name:StaticMeshActor_6 Label:SM_Cube3 SpatiallyLoaded:1 Bounds:IsValid=true, Min=(X=0.000 Y=3400.000 Z=0.000), Max=(X=3000.000 Y=3500.000 Z=400.000) RuntimeGrid:None EditorOnly:0 RuntimeOnly:0 HLODRelevant:1 ListedInSceneOutliner:1 IsMainWorldOnly:0 FolderPath:Playground FolderGuid:C73F09FC4215536B1DCE2A9E0A830C70
 |   |- [+] Clusters:
 |   |   |- [+] [  0]
 |   |   |   |- Guid:0DA7880E4C19066982F6D685A78978E1 BaseClass: NativeClass:/Script/Engine.StaticMeshActor Name:StaticMeshActor_UAID_A8A159D7F552802D02_1614740546 Label:Cube22 SpatiallyLoaded:1 Bounds:IsValid=true, Min=(X=2345.249 Y=159.437 Z=225.000), Max=(X=2445.249 Y=284.437 Z=375.000) RuntimeGrid:None EditorOnly:0 RuntimeOnly:0 HLODRelevant:1 ListedInSceneOutliner:1 IsMainWorldOnly:0
 |   |   |- [+] [  1]
 |   |   |   |- Guid:11F9749E46D759D8B39A379EDAF83274 BaseClass: NativeClass:/Script/Engine.StaticMeshActor Name:StaticMeshActor_UAID_A8A159D7F552232D02_1349668188 Label:Cube14 SpatiallyLoaded:1 Bounds:IsValid=true, Min=(X=1872.500 Y=920.000 Z=-2.500), Max=(X=2347.500 Y=1020.000 Z=322.500) RuntimeGrid:None EditorOnly:0 RuntimeOnly:0 HLODRelevant:1 ListedInSceneOutliner:1 IsMainWorldOnly:0
 |   |   |- [+] [  2]
 |   |   |   |- Guid:1F29356B45E4F760E1FD6994A3F75B18 BaseClass: NativeClass:/Script/Engine.StaticMeshActor Name:StaticMeshActor_UAID_A8A159D7F552232D02_1540376191 Label:Cube17 SpatiallyLoaded:1 Bounds:IsValid=true, Min=(X=802.500 Y=1205.000 Z=-2.500), Max=(X=877.500 Y=1355.000 Z=322.500) RuntimeGrid:None EditorOnly:0 RuntimeOnly:0 HLODRelevant:1 ListedInSceneOutliner:1 IsMainWorldOnly:0
 |   |   |- [+] [  3]
 |   |   |   |- Guid:26A860564FD0F9F9336557B7B08B8ADD BaseClass: NativeClass:/Script/Engine.StaticMeshActor Name:StaticMeshActor_UAID_A8A159D7F552232D02_1201255185 Label:Cube11 SpatiallyLoaded:1 Bounds:IsValid=true, Min=(X=1185.000 Y=1122.500 Z=-2.500), Max=(X=1335.000 Y=1197.500 Z=322.500) RuntimeGrid:None EditorOnly:0 RuntimeOnly:0 HLODRelevant:1 ListedInSceneOutliner:1 IsMainWorldOnly:0
 |   |   |- [+] [  4]
 |   |   |   |- Guid:27A092974BF44E960C72B7AB9C08B1EC BaseClass: NativeClass:/Script/Engine.StaticMeshActor Name:StaticMeshActor_UAID_A8A159D7F552232D02_1582081192 Label:Cube18 SpatiallyLoaded:1 Bounds:IsValid=true, Min=(X=1677.500 Y=2000.000 Z=-2.500), Max=(X=1802.500 Y=2100.000 Z=322.500) RuntimeGrid:None EditorOnly:0 RuntimeOnly:0 HLODRelevant:1 ListedInSceneOutliner:1 IsMainWorldOnly:0
 |   |   |- [+] [  5]
 |   |   |   |- Guid:2FB58999456391D349DC0F86DAC136ED BaseClass: NativeClass:/Script/Engine.SkyLight Name:SkyLight_1 Label:SkyLight SpatiallyLoaded:0 Bounds:IsValid=true, Min=(X=0.000 Y=0.000 Z=690.000), Max=(X=0.000 Y=0.000 Z=690.000) RuntimeGrid:None EditorOnly:0 RuntimeOnly:0 HLODRelevant:0 ListedInSceneOutliner:1 IsMainWorldOnly:0 FolderPath:Lighting FolderGuid:963EC3EB4002CCE9759E2EBA541A873A
 |   |   |- [+] [  6]
 |   |   |   |- Guid:2FFA6EF84CAC5E8C1B53968B90C7D628 BaseClass: NativeClass:/Script/Engine.StaticMeshActor Name:StaticMeshActor_UAID_A8A159D7F552232D02_1486683190 Label:Cube16 SpatiallyLoaded:1 Bounds:IsValid=true, Min=(X=1332.500 Y=1110.000 Z=-2.500), Max=(X=1807.500 Y=1210.000 Z=322.500) RuntimeGrid:None EditorOnly:0 RuntimeOnly:0 HLODRelevant:1 ListedInSceneOutliner:1 IsMainWorldOnly:0
 |   |   |- [+] [  7]
 |   |   |   |- Guid:316CF2A6494ACA4C0E4180A87D36AB8F BaseClass: NativeClass:/Script/Engine.ExponentialHeightFog Name:ExponentialHeightFog_0 Label:ExponentialHeightFog SpatiallyLoaded:0 Bounds:IsValid=true, Min=(X=-5600.000 Y=-50.000 Z=-6850.000), Max=(X=-5600.000 Y=-50.000 Z=-6850.000) RuntimeGrid:None EditorOnly:0 RuntimeOnly:0 HLODRelevant:0 ListedInSceneOutliner:1 IsMainWorldOnly:0 FolderPath:Lighting FolderGuid:963EC3EB4002CCE9759E2EBA541A873A
 |   |   |- [+] [  8]
 |   |   |   |- Guid:319B3F0545220F521835ACA89A3CFFD8 BaseClass:/Game/MyProject/Blueprints/BP_Door.BP_Door_C NativeClass:/Script/Engine.Actor Name:BP_Door_C_UAID_A8A159D7F5527F2D02_1460704367 Label:BP_Door SpatiallyLoaded:1 Bounds:IsValid=true, Min=(X=2296.000 Y=148.000 Z=-42.000), Max=(X=2504.000 Y=292.000 Z=262.000) RuntimeGrid:None EditorOnly:0 RuntimeOnly:0 HLODRelevant:0 ListedInSceneOutliner:1 IsMainWorldOnly:0
 |   |   |- [+] [  9]
 |   |   |   |- Guid:393FBC3E4645C54357C526BD76A58812 BaseClass: NativeClass:/Script/Engine.StaticMeshActor Name:StaticMeshActor_UAID_A8A159D7F552222D02_1874977004 Label:Cube6 SpatiallyLoaded:1 Bounds:IsValid=true, Min=(X=2345.249 Y=2509.437 Z=0.000), Max=(X=2445.249 Y=2834.437 Z=400.000) RuntimeGrid:None EditorOnly:0 RuntimeOnly:0 HLODRelevant:1 ListedInSceneOutliner:1 IsMainWorldOnly:0
 |   |   |- [+] [ 10]
 |   |   |   |- Guid:3A00AA1C422CE54C0BDB60BAF471BFBB BaseClass: NativeClass:/Script/Engine.PlayerStart Name:PlayerStart_0 Label:PlayerStart SpatiallyLoaded:0 Bounds:IsValid=true, Min=(X=860.000 Y=1070.000 Z=0.013), Max=(X=940.000 Y=1150.000 Z=184.013) RuntimeGrid:None EditorOnly:0 RuntimeOnly:0 HLODRelevant:0 ListedInSceneOutliner:1 IsMainWorldOnly:0
 |   |   |- [+] [ 11]
 |   |   |   |- Guid:3AAABCCA45F3215257A1E093FC05D8C7 BaseClass: NativeClass:/Script/Engine.StaticMeshActor Name:StaticMeshActor_UAID_A8A159D7F552232D02_1161666184 Label:Cube10 SpatiallyLoaded:1 Bounds:IsValid=true, Min=(X=790.000 Y=1347.500 Z=-2.500), Max=(X=890.000 Y=1972.500 Z=322.500) RuntimeGrid:None EditorOnly:0 RuntimeOnly:0 HLODRelevant:1 ListedInSceneOutliner:1 IsMainWorldOnly:0
 |   |   |- [+] [ 12]
 |   |   |   |- Guid:4300D5424D9C558ADE0256929329627E BaseClass: NativeClass:/Script/Engine.StaticMeshActor Name:StaticMeshActor_UAID_A8A159D7F552222D02_1992948006 Label:Cube8 SpatiallyLoaded:1 Bounds:IsValid=true, Min=(X=790.000 Y=2107.500 Z=-2.500), Max=(X=890.000 Y=2732.500 Z=322.500) RuntimeGrid:None EditorOnly:0 RuntimeOnly:0 HLODRelevant:1 ListedInSceneOutliner:1 IsMainWorldOnly:0
 |   |   |- [+] [ 13]
 |   |   |   |- Guid:43815E84492231AFC407F59E3C28176B BaseClass: NativeClass:/Script/Engine.StaticMeshActor Name:StaticMeshActor_4 Label:SM_Cube6 SpatiallyLoaded:1 Bounds:IsValid=true, Min=(X=2900.000 Y=100.000 Z=0.000), Max=(X=3000.000 Y=3400.000 Z=400.000) RuntimeGrid:None EditorOnly:0 RuntimeOnly:0 HLODRelevant:1 ListedInSceneOutliner:1 IsMainWorldOnly:0 FolderPath:Playground FolderGuid:C73F09FC4215536B1DCE2A9E0A830C70
 |   |   |- [+] [ 14]
 |   |   |   |- Guid:4D3BE93F4146AAAC8BBE79999D96D57F BaseClass: NativeClass:/Script/Engine.VolumetricCloud Name:VolumetricCloud_0 Label:VolumetricCloud SpatiallyLoaded:0 Bounds:IsValid=true, Min=(X=0.000 Y=0.000 Z=820.000), Max=(X=0.000 Y=0.000 Z=820.000) RuntimeGrid:None EditorOnly:0 RuntimeOnly:0 HLODRelevant:0 ListedInSceneOutliner:1 IsMainWorldOnly:0 FolderPath:Lighting FolderGuid:963EC3EB4002CCE9759E2EBA541A873A
 |   |   |- [+] [ 15]
 |   |   |   |- Guid:5B97F4A64FB21F77EFC44386BF705B4C BaseClass: NativeClass:/Script/Engine.TextRenderActor Name:TextRenderActor_1 Label:TextRenderActor SpatiallyLoaded:1 Bounds:IsValid=true, Min=(X=-0.100 Y=1100.000 Z=65.013), Max=(X=-0.100 Y=2392.308 Z=215.013) RuntimeGrid:None EditorOnly:0 RuntimeOnly:0 HLODRelevant:0 ListedInSceneOutliner:1 IsMainWorldOnly:0
 |   |   |- [+] [ 16]
 |   |   |   |- Guid:5EC69C8F46B61463A5CB59A11877A8DA BaseClass: NativeClass:/Script/Engine.StaticMeshActor Name:StaticMeshActor_UAID_A8A159D7F552232D02_1125558183 Label:Cube9 SpatiallyLoaded:1 Bounds:IsValid=true, Min=(X=802.500 Y=1965.000 Z=-2.500), Max=(X=877.500 Y=2115.000 Z=322.500) RuntimeGrid:None EditorOnly:0 RuntimeOnly:0 HLODRelevant:1 ListedInSceneOutliner:1 IsMainWorldOnly:0
 |   |   |- [+] [ 17]
 |   |   |   |- Guid:617FD3D54279D004AF8AD79210C9AE3C BaseClass:/Game/MyProject/Blueprints/BP_Button.BP_Button_C NativeClass:/Script/Engine.Actor Name:BP_Button_C_UAID_A8A159D7F552302D02_1345459491 Label:BP_Button SpatiallyLoaded:1 Bounds:IsValid=true, Min=(X=736.000 Y=526.000 Z=86.000), Max=(X=864.000 Y=654.000 Z=214.000) RuntimeGrid:None EditorOnly:0 RuntimeOnly:0 HLODRelevant:0 ListedInSceneOutliner:1 IsMainWorldOnly:0
 |   |   |   |- Guid:AD31D50248593CAB3E56AE82FF2AB32E BaseClass:/Game/MyProject/Blueprints/BP_PointLight.BP_PointLight_C NativeClass:/Script/Engine.Actor Name:BP_PointLight_C_UAID_A8A159D7F552342D02_1744984203 Label:BP_PointLight2 SpatiallyLoaded:1 Bounds:IsValid=true, Min=(X=400.000 Y=-690.000 Z=-700.000), Max=(X=2400.000 Y=1310.000 Z=1300.000) RuntimeGrid:None EditorOnly:0 RuntimeOnly:0 HLODRelevant:0 ListedInSceneOutliner:1 IsMainWorldOnly:0
 |   |   |- [+] [ 18]
 |   |   |   |- Guid:62B7012A43E6BC07DF161DA1E49367F1 BaseClass: NativeClass:/Script/Engine.StaticMeshActor Name:StaticMeshActor_UAID_A8A159D7F552222D02_1705484001 Label:Cube3 SpatiallyLoaded:1 Bounds:IsValid=true, Min=(X=2345.249 Y=699.437 Z=0.000), Max=(X=2445.249 Y=1024.437 Z=400.000) RuntimeGrid:None EditorOnly:0 RuntimeOnly:0 HLODRelevant:1 ListedInSceneOutliner:1 IsMainWorldOnly:0
 |   |   |- [+] [ 19]
 |   |   |   |- Guid:692249384D4F88891C4DEABC8F7D7CC3 BaseClass: NativeClass:/Script/Engine.StaticMeshActor Name:StaticMeshActor_UAID_A8A159D7F552222D02_1543884000 Label:Cube2 SpatiallyLoaded:1 Bounds:IsValid=true, Min=(X=914.811 Y=100.000 Z=320.000), Max=(X=2445.189 Y=700.000 Z=420.000) RuntimeGrid:None EditorOnly:0 RuntimeOnly:0 HLODRelevant:1 ListedInSceneOutliner:1 IsMainWorldOnly:0
 |   |   |- [+] [ 20]
 |   |   |   |- Guid:6BAF4DDD444C60371492D3919DB42C97 BaseClass: NativeClass:/Script/Engine.WorldDataLayers Name:WorldDataLayers Label:WorldDataLayers SpatiallyLoaded:0 Bounds:IsValid=true, Min=(X=0.000 Y=0.000 Z=0.000), Max=(X=0.000 Y=0.000 Z=0.000) RuntimeGrid:None EditorOnly:0 RuntimeOnly:0 HLODRelevant:0 ListedInSceneOutliner:1 IsMainWorldOnly:1
 |   |   |- [+] [ 21]
 |   |   |   |- Guid:6C725209498CA043698841902D462D30 BaseClass:/Game/MyProject/Blueprints/BP_Camera.BP_Camera_C NativeClass:/Script/Engine.Pawn Name:BP_Camera_C_UAID_A8A159D7F5529B2D02_1207364297 Label:BP_Camera SpatiallyLoaded:1 Bounds:IsValid=true, Min=(X=1139.072 Y=1582.000 Z=229.072), Max=(X=1160.928 Y=1630.000 Z=250.928) RuntimeGrid:None EditorOnly:0 RuntimeOnly:0 HLODRelevant:0 ListedInSceneOutliner:1 IsMainWorldOnly:0
 |   |   |- [+] [ 22]
 |   |   |   |- Guid:6E4CD58F442B34BF307BE6B31F2AB3C5 BaseClass:/Game/MyProject/Blueprints/BP_Gate.BP_Gate_C NativeClass:/Script/Engine.Actor Name:BP_Gate_C_UAID_A8A159D7F552822D02_1077953902 Label:BP_Gate SpatiallyLoaded:1 Bounds:IsValid=true, Min=(X=1242.500 Y=2012.500 Z=-10.000), Max=(X=1717.500 Y=2087.500 Z=390.000) RuntimeGrid:None EditorOnly:0 RuntimeOnly:0 HLODRelevant:0 ListedInSceneOutliner:1 IsMainWorldOnly:0
 |   |   |- [+] [ 23]
 |   |   |   |- Guid:6E6603B246C35CD758EC1FA56B29985C BaseClass: NativeClass:/Script/Engine.StaticMeshActor Name:StaticMeshActor_UAID_A8A159D7F552222D02_1868889003 Label:Cube5 SpatiallyLoaded:1 Bounds:IsValid=true, Min=(X=2345.249 Y=1946.937 Z=0.000), Max=(X=2445.249 Y=2096.937 Z=400.000) RuntimeGrid:None EditorOnly:0 RuntimeOnly:0 HLODRelevant:1 ListedInSceneOutliner:1 IsMainWorldOnly:0
 |   |   |- [+] [ 24]
 |   |   |   |- Guid:730602D14CCDD3A5C88ECAA36DC4F773 BaseClass: NativeClass:/Script/Engine.StaticMeshActor Name:StaticMeshActor_UAID_A8A159D7F552232D02_1398150189 Label:Cube15 SpatiallyLoaded:1 Bounds:IsValid=true, Min=(X=1800.000 Y=682.500 Z=-2.500), Max=(X=1900.000 Y=2757.500 Z=322.500) RuntimeGrid:None EditorOnly:0 RuntimeOnly:0 HLODRelevant:1 ListedInSceneOutliner:1 IsMainWorldOnly:0
 |   |   |- [+] [ 25]
 |   |   |   |- Guid:7612E9DC4BFA9718191E188D35BF3C5D BaseClass: NativeClass:/Script/Engine.PlayerStart Name:PlayerStart_UAID_A8A159D7F552242D02_2071332372 Label:PlayerStart SpatiallyLoaded:0 Bounds:IsValid=true, Min=(X=300.000 Y=320.000 Z=0.000), Max=(X=380.000 Y=400.000 Z=184.000) RuntimeGrid:None EditorOnly:0 RuntimeOnly:0 HLODRelevant:0 ListedInSceneOutliner:1 IsMainWorldOnly:0
 |   |   |- [+] [ 26]
 |   |   |   |- Guid:7690A51F42BF7D50B804A7998A569DF6 BaseClass:/Game/MyProject/Blueprints/BP_ButtonGate.BP_ButtonGate_C NativeClass:/Script/Engine.Actor Name:BP_ButtonGate_C_UAID_A8A159D7F552972D02_1138958591 Label:BP_ButtonGate SpatiallyLoaded:1 Bounds:IsValid=true, Min=(X=1726.000 Y=1646.000 Z=66.000), Max=(X=1854.000 Y=1774.000 Z=194.000) RuntimeGrid:None EditorOnly:0 RuntimeOnly:0 HLODRelevant:0 ListedInSceneOutliner:1 IsMainWorldOnly:0
 |   |   |- [+] [ 27]
 |   |   |   |- Guid:8131A02A44A439B20B3CBEAC9223E99F BaseClass: NativeClass:/Script/Engine.StaticMeshActor Name:StaticMeshActor_UAID_A8A159D7F552802D02_1565856544 Label:Cube20 SpatiallyLoaded:1 Bounds:IsValid=true, Min=(X=2345.249 Y=279.437 Z=0.000), Max=(X=2445.249 Y=604.437 Z=400.000) RuntimeGrid:None EditorOnly:0 RuntimeOnly:0 HLODRelevant:1 ListedInSceneOutliner:1 IsMainWorldOnly:0
 |   |   |- [+] [ 28]
 |   |   |   |- Guid:94C46D92454D9EEE8181B4888099CBA0 BaseClass: NativeClass:/Script/Engine.StaticMeshActor Name:StaticMeshActor_UAID_A8A159D7F552222D02_1319459999 Label:Cube SpatiallyLoaded:1 Bounds:IsValid=true, Min=(X=95.000 Y=600.000 Z=-2.500), Max=(X=2445.000 Y=700.000 Z=322.500) RuntimeGrid:None EditorOnly:0 RuntimeOnly:0 HLODRelevant:1 ListedInSceneOutliner:1 IsMainWorldOnly:0
 |   |   |- [+] [ 29]
 |   |   |   |- Guid:990CB42D4F37EFA4F7CD5D8999F3B1B5 BaseClass: NativeClass:/Script/Engine.StaticMeshActor Name:StaticMeshActor_UAID_A8A159D7F552802D02_1585650545 Label:Cube21 SpatiallyLoaded:1 Bounds:IsValid=true, Min=(X=2345.249 Y=39.437 Z=0.000), Max=(X=2445.249 Y=164.437 Z=400.000) RuntimeGrid:None EditorOnly:0 RuntimeOnly:0 HLODRelevant:1 ListedInSceneOutliner:1 IsMainWorldOnly:0
 |   |   |- [+] [ 30]
 |   |   |   |- Guid:A56216954B2165CF0F35A886B537D536 BaseClass: NativeClass:/Script/Engine.StaticMeshActor Name:StaticMeshActor_0 Label:SM_Cube5 SpatiallyLoaded:1 Bounds:IsValid=true, Min=(X=-0.000 Y=100.000 Z=0.000), Max=(X=100.000 Y=3400.000 Z=400.000) RuntimeGrid:None EditorOnly:0 RuntimeOnly:0 HLODRelevant:1 ListedInSceneOutliner:1 IsMainWorldOnly:0 FolderPath:Playground FolderGuid:C73F09FC4215536B1DCE2A9E0A830C70
 |   |   |- [+] [ 31]
 |   |   |   |- Guid:AC1F91D54236A5DB666B7DB79E5E2533 BaseClass:/Game/MyProject/Blueprints/Pawns/BP_Turret.BP_Turret_C NativeClass:/Script/Engine.Pawn Name:BP_Turret_C_UAID_A8A159D7F552292D02_1160349257 Label:BP_Turret5 SpatiallyLoaded:1 Bounds:IsValid=true, Min=(X=2061.809 Y=1701.334 Z=-6.794), Max=(X=2161.809 Y=1808.774 Z=135.032) RuntimeGrid:None EditorOnly:0 RuntimeOnly:0 HLODRelevant:0 ListedInSceneOutliner:1 IsMainWorldOnly:0
 |   |   |- [+] [ 32]
 |   |   |   |- Guid:B12A58F34466BE1815E2978E2F258D7D BaseClass: NativeClass:/Script/Engine.StaticMeshActor Name:StaticMeshActor_UAID_A8A159D7F552232D02_1610960193 Label:Cube19 SpatiallyLoaded:1 Bounds:IsValid=true, Min=(X=1147.500 Y=2000.000 Z=-2.500), Max=(X=1272.500 Y=2100.000 Z=322.500) RuntimeGrid:None EditorOnly:0 RuntimeOnly:0 HLODRelevant:1 ListedInSceneOutliner:1 IsMainWorldOnly:0
 |   |   |- [+] [ 33]
 |   |   |   |- Guid:B352A7C9498E2589A23A9DAB1F291545 BaseClass: NativeClass:/Script/Engine.StaticMeshActor Name:StaticMeshActor_UAID_A8A159D7F552232D02_1209106186 Label:Cube12 SpatiallyLoaded:1 Bounds:IsValid=true, Min=(X=790.000 Y=1110.000 Z=-2.500), Max=(X=1190.000 Y=1210.000 Z=322.500) RuntimeGrid:None EditorOnly:0 RuntimeOnly:0 HLODRelevant:1 ListedInSceneOutliner:1 IsMainWorldOnly:0
 |   |   |- [+] [ 34]
 |   |   |   |- Guid:B785ED2844B84CFB91E7F39FE661CD99 BaseClass: NativeClass:/Script/Engine.DirectionalLight Name:DirectionalLight_0 Label:DirectionalLight SpatiallyLoaded:0 Bounds:IsValid=true, Min=(X=-1048576.000 Y=-1048576.000 Z=-1048576.000), Max=(X=1048576.000 Y=1048576.000 Z=1048576.000) RuntimeGrid:None EditorOnly:0 RuntimeOnly:0 HLODRelevant:0 ListedInSceneOutliner:1 IsMainWorldOnly:0 FolderPath:Lighting FolderGuid:963EC3EB4002CCE9759E2EBA541A873A
 |   |   |- [+] [ 35]
 |   |   |   |- Guid:BC08B79C4EA3C961CFF75EBBE83B367D BaseClass: NativeClass:/Script/Engine.StaticMeshActor Name:StaticMeshActor_5 Label:SM_Cube2 SpatiallyLoaded:1 Bounds:IsValid=true, Min=(X=0.000 Y=0.000 Z=0.000), Max=(X=3000.000 Y=100.000 Z=400.000) RuntimeGrid:None EditorOnly:0 RuntimeOnly:0 HLODRelevant:1 ListedInSceneOutliner:1 IsMainWorldOnly:0 FolderPath:Playground FolderGuid:C73F09FC4215536B1DCE2A9E0A830C70
 |   |   |- [+] [ 36]
 |   |   |   |- Guid:BF87BDE84AA2C7494D5B02BAE5AF42C9 BaseClass:/Game/MyProject/Blueprints/BP_PointLight.BP_PointLight_C NativeClass:/Script/Engine.Actor Name:BP_PointLight_C_UAID_A8A159D7F552812D02_1449880723 Label:BP_PointLight3 SpatiallyLoaded:1 Bounds:IsValid=true, Min=(X=740.000 Y=-690.000 Z=-700.000), Max=(X=2740.000 Y=1310.000 Z=1300.000) RuntimeGrid:None EditorOnly:0 RuntimeOnly:0 HLODRelevant:0 ListedInSceneOutliner:1 IsMainWorldOnly:0
 |   |   |- [+] [ 37]
 |   |   |   |- Guid:CC4456124971974C87261BB8E88E41F7 BaseClass: NativeClass:/Script/Engine.StaticMeshActor Name:StaticMeshActor_UAID_A8A159D7F552222D02_1843127002 Label:Cube4 SpatiallyLoaded:1 Bounds:IsValid=true, Min=(X=2345.249 Y=1416.937 Z=0.000), Max=(X=2445.249 Y=1566.937 Z=400.000) RuntimeGrid:None EditorOnly:0 RuntimeOnly:0 HLODRelevant:1 ListedInSceneOutliner:1 IsMainWorldOnly:0
 |   |   |- [+] [ 38]
 |   |   |   |- Guid:CCFF262C46EEFFDF319E7F9539CE697E BaseClass: NativeClass:/Script/Engine.SkyAtmosphere Name:SkyAtmosphere_0 Label:SkyAtmosphere SpatiallyLoaded:0 Bounds:IsValid=true, Min=(X=0.000 Y=0.000 Z=1020.000), Max=(X=0.000 Y=0.000 Z=1020.000) RuntimeGrid:None EditorOnly:0 RuntimeOnly:0 HLODRelevant:0 ListedInSceneOutliner:1 IsMainWorldOnly:0 FolderPath:Lighting FolderGuid:963EC3EB4002CCE9759E2EBA541A873A
 |   |   |- [+] [ 39]
 |   |   |   |- Guid:EC4E0C944CE6AC6E784BC6BB2916EA13 BaseClass: NativeClass:/Script/Engine.StaticMeshActor Name:StaticMeshActor_UAID_A4AE111137DC5EFB00_1110535423 Label:SM_SkySphere SpatiallyLoaded:0 Bounds:IsValid=true, Min=(X=-1638400.000 Y=-1638400.000 Z=-1638400.000), Max=(X=1638400.000 Y=1638400.000 Z=1638400.000) RuntimeGrid:None EditorOnly:0 RuntimeOnly:0 HLODRelevant:1 ListedInSceneOutliner:1 IsMainWorldOnly:0 FolderPath:Lighting FolderGuid:963EC3EB4002CCE9759E2EBA541A873A
 |   |   |- [+] [ 40]
 |   |   |   |- Guid:EFAFBA4F4270EBF267251297B1310767 BaseClass: NativeClass:/Script/Engine.StaticMeshActor Name:StaticMeshActor_UAID_A8A159D7F552232D02_1280657187 Label:Cube13 SpatiallyLoaded:1 Bounds:IsValid=true, Min=(X=1050.000 Y=1172.500 Z=-2.500), Max=(X=1150.000 Y=2747.500 Z=322.500) RuntimeGrid:None EditorOnly:0 RuntimeOnly:0 HLODRelevant:1 ListedInSceneOutliner:1 IsMainWorldOnly:0
 |   |   |- [+] [ 41]
 |   |   |   |- Guid:EFCB6A3640235541FF9B8988D57AC827 BaseClass:/Game/MyProject/Blueprints/Pawns/BP_Turret.BP_Turret_C NativeClass:/Script/Engine.Pawn Name:BP_Turret_C_UAID_A8A159D7F552272D02_1445720903 Label:BP_Turret3 SpatiallyLoaded:1 Bounds:IsValid=true, Min=(X=2061.809 Y=1161.334 Z=-6.794), Max=(X=2161.809 Y=1268.774 Z=135.032) RuntimeGrid:None EditorOnly:0 RuntimeOnly:0 HLODRelevant:0 ListedInSceneOutliner:1 IsMainWorldOnly:0
 |   |   |- [+] [ 42]
 |   |   |   |- Guid:F041217A4977CE1C0261B99892738D4F BaseClass: NativeClass:/Script/Engine.StaticMeshActor Name:StaticMeshActor_UAID_A8A159D7F552222D02_1948684005 Label:Cube7 SpatiallyLoaded:1 Bounds:IsValid=true, Min=(X=782.500 Y=2730.000 Z=-2.500), Max=(X=2357.500 Y=2830.000 Z=322.500) RuntimeGrid:None EditorOnly:0 RuntimeOnly:0 HLODRelevant:1 ListedInSceneOutliner:1 IsMainWorldOnly:0
 |   |   |- [+] [ 43]
 |   |   |   |- Guid:F1924B8D48954B30891B2DB6A694F9CC BaseClass: NativeClass:/Script/Engine.StaticMeshActor Name:StaticMeshActor_1 Label:SM_Cube SpatiallyLoaded:1 Bounds:IsValid=true, Min=(X=0.000 Y=0.000 Z=-50.000), Max=(X=3000.000 Y=3500.000 Z=0.000) RuntimeGrid:None EditorOnly:0 RuntimeOnly:0 HLODRelevant:1 ListedInSceneOutliner:1 IsMainWorldOnly:0 FolderPath:Playground FolderGuid:C73F09FC4215536B1DCE2A9E0A830C70
 |   |   |- [+] [ 44]
 |   |   |   |- Guid:F5E3FEB3450C49844FD93DA8E083C8AD BaseClass: NativeClass:/Script/Engine.PostProcessVolume Name:PostProcessVolume_0 Label:PostProcessVolume SpatiallyLoaded:0 Bounds:IsValid=true, Min=(X=0.000 Y=0.000 Z=400.000), Max=(X=200.000 Y=200.000 Z=600.000) RuntimeGrid:None EditorOnly:0 RuntimeOnly:0 HLODRelevant:0 ListedInSceneOutliner:1 IsMainWorldOnly:0 FolderPath:Lighting FolderGuid:963EC3EB4002CCE9759E2EBA541A873A
 |   |   |- [+] [ 45]
 |   |   |   |- Guid:FEBD12BA4A2DAC354E2BBAB1680660C6 BaseClass:/Game/MyProject/Blueprints/Pawns/BP_Turret.BP_Turret_C NativeClass:/Script/Engine.Pawn Name:BP_Turret_C_UAID_A8A159D7F552292D02_1166136258 Label:BP_Turret6 SpatiallyLoaded:1 Bounds:IsValid=true, Min=(X=2061.809 Y=2241.334 Z=-6.794), Max=(X=2161.809 Y=2348.774 Z=135.032) RuntimeGrid:None EditorOnly:0 RuntimeOnly:0 HLODRelevant:0 ListedInSceneOutliner:1 IsMainWorldOnly:0
 |   |   |- [+] [ 46]
 |   |   |   |- Guid:FF698C67459ADB4982D7759C0905EE9F BaseClass: NativeClass:/Script/Engine.StaticMeshActor Name:StaticMeshActor_6 Label:SM_Cube3 SpatiallyLoaded:1 Bounds:IsValid=true, Min=(X=0.000 Y=3400.000 Z=0.000), Max=(X=3000.000 Y=3500.000 Z=400.000) RuntimeGrid:None EditorOnly:0 RuntimeOnly:0 HLODRelevant:1 ListedInSceneOutliner:1 IsMainWorldOnly:0 FolderPath:Playground FolderGuid:C73F09FC4215536B1DCE2A9E0A830C70
 |- ContainerInstances:
 |- [+] MainContainer:
 |   |-        ID: 00000000000000000000000000000000
 |   |-  ParentID: 00000000000000000000000000000000
 |   |-    Bounds: IsValid=false, Min=(X=0.000 Y=0.000 Z=0.000), Max=(X=0.000 Y=0.000 Z=0.000)
 |   |- Transform: 0.000000,0.000000,0.000000|0.000000,0.000000,-0.000000|1.000000,1.000000,1.000000
 |   |- Container: /Game/ThirdPerson/Maps/ThirdPersonMap
----------------------------------------------------------------------------------------------------------------
ThirdPersonMap - Persistent Level
----------------------------------------------------------------------------------------------------------------
[+] Content of ThirdPersonMap Persistent Level
 |- Always loaded Actor Count: 48 
 |- Actor Path: /Game/ThirdPerson/Maps/ThirdPersonMap.ThirdPersonMap:PersistentLevel.BP_Button_C_UAID_A8A159D7F552302D02_1345459491
 |- Actor Package: /Game/__ExternalActors__/ThirdPerson/Maps/ThirdPersonMap/6/NL/KDBWKC8FCYFLR4IGZ5TBJF
 |- Actor Path: /Game/ThirdPerson/Maps/ThirdPersonMap.ThirdPersonMap:PersistentLevel.BP_ButtonGate_C_UAID_A8A159D7F552972D02_1138958591
 |- Actor Package: /Game/__ExternalActors__/ThirdPerson/Maps/ThirdPersonMap/0/5P/UHVXW2ODYYQRZCM07C9M8T
 |- Actor Path: /Game/ThirdPerson/Maps/ThirdPersonMap.ThirdPersonMap:PersistentLevel.BP_Camera_C_UAID_A8A159D7F5529B2D02_1207364297
 |- Actor Package: /Game/__ExternalActors__/ThirdPerson/Maps/ThirdPersonMap/A/AT/DGJQ8MF6QCC1JVDEDGR91Q
 |- Actor Path: /Game/ThirdPerson/Maps/ThirdPersonMap.ThirdPersonMap:PersistentLevel.BP_Door_C_UAID_A8A159D7F5527F2D02_1460704367
 |- Actor Package: /Game/__ExternalActors__/ThirdPerson/Maps/ThirdPersonMap/3/SX/5REHAOALFZXK5E2C6F5D8S
 |- Actor Path: /Game/ThirdPerson/Maps/ThirdPersonMap.ThirdPersonMap:PersistentLevel.BP_Gate_C_UAID_A8A159D7F552822D02_1077953902
 |- Actor Package: /Game/__ExternalActors__/ThirdPerson/Maps/ThirdPersonMap/D/BK/K4PSUVO8CSEBNURG0J1RTY
 |- Actor Path: /Game/ThirdPerson/Maps/ThirdPersonMap.ThirdPersonMap:PersistentLevel.BP_PointLight_C_UAID_A8A159D7F552342D02_1744984203
 |- Actor Package: /Game/__ExternalActors__/ThirdPerson/Maps/ThirdPersonMap/A/DR/0JRE6JTGRBXTN9UESWNRBP
 |- Actor Path: /Game/ThirdPerson/Maps/ThirdPersonMap.ThirdPersonMap:PersistentLevel.BP_PointLight_C_UAID_A8A159D7F552812D02_1449880723
 |- Actor Package: /Game/__ExternalActors__/ThirdPerson/Maps/ThirdPersonMap/0/ND/GBQ2NIQ5O1NZAHACDRFORJ
 |- Actor Path: /Game/ThirdPerson/Maps/ThirdPersonMap.ThirdPersonMap:PersistentLevel.BP_Turret_C_UAID_A8A159D7F552272D02_1445720903
 |- Actor Package: /Game/__ExternalActors__/ThirdPerson/Maps/ThirdPersonMap/5/40/9SSHZIAA9ZDGMXFPO3WDGW
 |- Actor Path: /Game/ThirdPerson/Maps/ThirdPersonMap.ThirdPersonMap:PersistentLevel.BP_Turret_C_UAID_A8A159D7F552292D02_1160349257
 |- Actor Package: /Game/__ExternalActors__/ThirdPerson/Maps/ThirdPersonMap/2/23/0VVYH6MXHFTA02KSQ0L1JV
 |- Actor Path: /Game/ThirdPerson/Maps/ThirdPersonMap.ThirdPersonMap:PersistentLevel.BP_Turret_C_UAID_A8A159D7F552292D02_1166136258
 |- Actor Package: /Game/__ExternalActors__/ThirdPerson/Maps/ThirdPersonMap/2/60/GJLMI9VUAS1N28MPXQ091Z
 |- Actor Path: /Game/ThirdPerson/Maps/ThirdPersonMap.ThirdPersonMap:PersistentLevel.DirectionalLight_0
 |- Actor Package: /Game/__ExternalActors__/ThirdPerson/Maps/ThirdPersonMap/5/R1/TS5OQ5CRUWFZYL1ZQ7I416
 |- Actor Path: /Game/ThirdPerson/Maps/ThirdPersonMap.ThirdPersonMap:PersistentLevel.ExponentialHeightFog_0
 |- Actor Package: /Game/__ExternalActors__/ThirdPerson/Maps/ThirdPersonMap/6/J7/N10XDC9G27EMLS5AGZ6AVV
 |- Actor Path: /Game/ThirdPerson/Maps/ThirdPersonMap.ThirdPersonMap:PersistentLevel.PlayerStart_0
 |- Actor Package: /Game/__ExternalActors__/ThirdPerson/Maps/ThirdPersonMap/D/DE/SWSI13675DVYIZ0N4NF7Y3
 |- Actor Path: /Game/ThirdPerson/Maps/ThirdPersonMap.ThirdPersonMap:PersistentLevel.PlayerStart_UAID_A8A159D7F552242D02_2071332372
 |- Actor Package: /Game/__ExternalActors__/ThirdPerson/Maps/ThirdPersonMap/3/Q5/TOP3CA07NBDTPI8ZC7MCNK
 |- Actor Path: /Game/ThirdPerson/Maps/ThirdPersonMap.ThirdPersonMap:PersistentLevel.PostProcessVolume_0
 |- Actor Package: /Game/__ExternalActors__/ThirdPerson/Maps/ThirdPersonMap/1/AZ/A7GPT109Y6ZTTJD4A7TXER
 |- Actor Path: /Game/ThirdPerson/Maps/ThirdPersonMap.ThirdPersonMap:PersistentLevel.SkyAtmosphere_0
 |- Actor Package: /Game/__ExternalActors__/ThirdPerson/Maps/ThirdPersonMap/4/LN/30UBDLYFFA5ZR7U4W4L4GG
 |- Actor Path: /Game/ThirdPerson/Maps/ThirdPersonMap.ThirdPersonMap:PersistentLevel.SkyLight_1
 |- Actor Package: /Game/__ExternalActors__/ThirdPerson/Maps/ThirdPersonMap/8/S1/DXUWD12MD3HRWVVXX076BY
 |- Actor Path: /Game/ThirdPerson/Maps/ThirdPersonMap.ThirdPersonMap:PersistentLevel.StaticMeshActor_0
 |- Actor Package: /Game/__ExternalActors__/ThirdPerson/Maps/ThirdPersonMap/A/MS/MRHJREJ6H7USQYWF1KO8F6
 |- Actor Path: /Game/ThirdPerson/Maps/ThirdPersonMap.ThirdPersonMap:PersistentLevel.StaticMeshActor_1
 |- Actor Package: /Game/__ExternalActors__/ThirdPerson/Maps/ThirdPersonMap/6/YO/NG2R9BPZVA7ZDN0Z4VSTG6
 |- Actor Path: /Game/ThirdPerson/Maps/ThirdPersonMap.ThirdPersonMap:PersistentLevel.StaticMeshActor_4
 |- Actor Package: /Game/__ExternalActors__/ThirdPerson/Maps/ThirdPersonMap/5/9Q/U98KGKQ41NJYFOGFQM8ZDY
 |- Actor Path: /Game/ThirdPerson/Maps/ThirdPersonMap.ThirdPersonMap:PersistentLevel.StaticMeshActor_5
 |- Actor Package: /Game/__ExternalActors__/ThirdPerson/Maps/ThirdPersonMap/C/QF/BY1DA5CRGQSAMOTK8RA8KR
 |- Actor Path: /Game/ThirdPerson/Maps/ThirdPersonMap.ThirdPersonMap:PersistentLevel.StaticMeshActor_6
 |- Actor Package: /Game/__ExternalActors__/ThirdPerson/Maps/ThirdPersonMap/D/0G/JNKFA4X9LRMSF343ESPF6Q
 |- Actor Path: /Game/ThirdPerson/Maps/ThirdPersonMap.ThirdPersonMap:PersistentLevel.StaticMeshActor_UAID_A4AE111137DC5EFB00_1110535423
 |- Actor Package: /Game/__ExternalActors__/ThirdPerson/Maps/ThirdPersonMap/4/PN/2QISIGK5DJNQ05US8O8FXW
 |- Actor Path: /Game/ThirdPerson/Maps/ThirdPersonMap.ThirdPersonMap:PersistentLevel.StaticMeshActor_UAID_A8A159D7F552222D02_1319459999
 |- Actor Package: /Game/__ExternalActors__/ThirdPerson/Maps/ThirdPersonMap/2/R8/IRPSK3SW6MZORUED87WA79
 |- Actor Path: /Game/ThirdPerson/Maps/ThirdPersonMap.ThirdPersonMap:PersistentLevel.StaticMeshActor_UAID_A8A159D7F552222D02_1543884000
 |- Actor Package: /Game/__ExternalActors__/ThirdPerson/Maps/ThirdPersonMap/B/D7/LJZ14KJPJVZSMVCF3TS8LQ
 |- Actor Path: /Game/ThirdPerson/Maps/ThirdPersonMap.ThirdPersonMap:PersistentLevel.StaticMeshActor_UAID_A8A159D7F552222D02_1705484001
 |- Actor Package: /Game/__ExternalActors__/ThirdPerson/Maps/ThirdPersonMap/5/MF/BXKZHBPXUVM2NGJ4PNY261
 |- Actor Path: /Game/ThirdPerson/Maps/ThirdPersonMap.ThirdPersonMap:PersistentLevel.StaticMeshActor_UAID_A8A159D7F552222D02_1843127002
 |- Actor Package: /Game/__ExternalActors__/ThirdPerson/Maps/ThirdPersonMap/7/EG/EHDF2ZM3SSUAGL67O4J3SR
 |- Actor Path: /Game/ThirdPerson/Maps/ThirdPersonMap.ThirdPersonMap:PersistentLevel.StaticMeshActor_UAID_A8A159D7F552222D02_1868889003
 |- Actor Package: /Game/__ExternalActors__/ThirdPerson/Maps/ThirdPersonMap/2/DB/YE8WAAKZ76BETZOBIOVFC2
 |- Actor Path: /Game/ThirdPerson/Maps/ThirdPersonMap.ThirdPersonMap:PersistentLevel.StaticMeshActor_UAID_A8A159D7F552222D02_1874977004
 |- Actor Package: /Game/__ExternalActors__/ThirdPerson/Maps/ThirdPersonMap/D/6O/N7KR4HZNJQ1ECX3BLS81IM
 |- Actor Path: /Game/ThirdPerson/Maps/ThirdPersonMap.ThirdPersonMap:PersistentLevel.StaticMeshActor_UAID_A8A159D7F552222D02_1948684005
 |- Actor Package: /Game/__ExternalActors__/ThirdPerson/Maps/ThirdPersonMap/B/Y0/HTE5MV43P37CE6DTVSITF8
 |- Actor Path: /Game/ThirdPerson/Maps/ThirdPersonMap.ThirdPersonMap:PersistentLevel.StaticMeshActor_UAID_A8A159D7F552222D02_1992948006
 |- Actor Package: /Game/__ExternalActors__/ThirdPerson/Maps/ThirdPersonMap/6/ZZ/PK1Q7EN6NV8G62D11CHGOV
 |- Actor Path: /Game/ThirdPerson/Maps/ThirdPersonMap.ThirdPersonMap:PersistentLevel.StaticMeshActor_UAID_A8A159D7F552232D02_1125558183
 |- Actor Package: /Game/__ExternalActors__/ThirdPerson/Maps/ThirdPersonMap/D/ZL/TN6N0Q9MUMPXD07DL7KI6W
 |- Actor Path: /Game/ThirdPerson/Maps/ThirdPersonMap.ThirdPersonMap:PersistentLevel.StaticMeshActor_UAID_A8A159D7F552232D02_1161666184
 |- Actor Package: /Game/__ExternalActors__/ThirdPerson/Maps/ThirdPersonMap/3/QX/UK4CH5FSN24VFT5E167JQN
 |- Actor Path: /Game/ThirdPerson/Maps/ThirdPersonMap.ThirdPersonMap:PersistentLevel.StaticMeshActor_UAID_A8A159D7F552232D02_1201255185
 |- Actor Package: /Game/__ExternalActors__/ThirdPerson/Maps/ThirdPersonMap/6/DV/IBYWIIVS89TWEZMGI7B1E7
 |- Actor Path: /Game/ThirdPerson/Maps/ThirdPersonMap.ThirdPersonMap:PersistentLevel.StaticMeshActor_UAID_A8A159D7F552232D02_1209106186
 |- Actor Package: /Game/__ExternalActors__/ThirdPerson/Maps/ThirdPersonMap/0/6X/HP77FBCRC8U8FLECIP418B
 |- Actor Path: /Game/ThirdPerson/Maps/ThirdPersonMap.ThirdPersonMap:PersistentLevel.StaticMeshActor_UAID_A8A159D7F552232D02_1280657187
 |- Actor Package: /Game/__ExternalActors__/ThirdPerson/Maps/ThirdPersonMap/5/U9/LRGMXRWP79C1ZAYRXHPBBN
 |- Actor Path: /Game/ThirdPerson/Maps/ThirdPersonMap.ThirdPersonMap:PersistentLevel.StaticMeshActor_UAID_A8A159D7F552232D02_1349668188
 |- Actor Package: /Game/__ExternalActors__/ThirdPerson/Maps/ThirdPersonMap/9/3X/5Q4KXNWIQWYGMWAFCJVTMT
 |- Actor Path: /Game/ThirdPerson/Maps/ThirdPersonMap.ThirdPersonMap:PersistentLevel.StaticMeshActor_UAID_A8A159D7F552232D02_1398150189
 |- Actor Package: /Game/__ExternalActors__/ThirdPerson/Maps/ThirdPersonMap/3/DI/9D86SA9ZADNSEQHR05DMY1
 |- Actor Path: /Game/ThirdPerson/Maps/ThirdPersonMap.ThirdPersonMap:PersistentLevel.StaticMeshActor_UAID_A8A159D7F552232D02_1486683190
 |- Actor Package: /Game/__ExternalActors__/ThirdPerson/Maps/ThirdPersonMap/5/M6/E9OAT741XO0U6E3QXAXCT1
 |- Actor Path: /Game/ThirdPerson/Maps/ThirdPersonMap.ThirdPersonMap:PersistentLevel.StaticMeshActor_UAID_A8A159D7F552232D02_1540376191
 |- Actor Package: /Game/__ExternalActors__/ThirdPerson/Maps/ThirdPersonMap/B/OP/6ODO1JCQ0JZ452K9E2IOCC
 |- Actor Path: /Game/ThirdPerson/Maps/ThirdPersonMap.ThirdPersonMap:PersistentLevel.StaticMeshActor_UAID_A8A159D7F552232D02_1582081192
 |- Actor Package: /Game/__ExternalActors__/ThirdPerson/Maps/ThirdPersonMap/2/FO/GNZDBVROLE6PD3FW0HZ8MG
 |- Actor Path: /Game/ThirdPerson/Maps/ThirdPersonMap.ThirdPersonMap:PersistentLevel.StaticMeshActor_UAID_A8A159D7F552232D02_1610960193
 |- Actor Package: /Game/__ExternalActors__/ThirdPerson/Maps/ThirdPersonMap/C/73/4249IEDDU1JWJ401SPW8PL
 |- Actor Path: /Game/ThirdPerson/Maps/ThirdPersonMap.ThirdPersonMap:PersistentLevel.StaticMeshActor_UAID_A8A159D7F552802D02_1565856544
 |- Actor Package: /Game/__ExternalActors__/ThirdPerson/Maps/ThirdPersonMap/1/Z9/JR8G4ZIKDWR7X7P5NTG4LI
 |- Actor Path: /Game/ThirdPerson/Maps/ThirdPersonMap.ThirdPersonMap:PersistentLevel.StaticMeshActor_UAID_A8A159D7F552802D02_1585650545
 |- Actor Package: /Game/__ExternalActors__/ThirdPerson/Maps/ThirdPersonMap/4/3L/WHV0EWZF2NMYWPFJGPLVW2
 |- Actor Path: /Game/ThirdPerson/Maps/ThirdPersonMap.ThirdPersonMap:PersistentLevel.StaticMeshActor_UAID_A8A159D7F552802D02_1614740546
 |- Actor Package: /Game/__ExternalActors__/ThirdPerson/Maps/ThirdPersonMap/1/5M/90PCBJ14JOK17D0M7452SQ
 |- Actor Path: /Game/ThirdPerson/Maps/ThirdPersonMap.ThirdPersonMap:PersistentLevel.TextRenderActor_1
 |- Actor Package: /Game/__ExternalActors__/ThirdPerson/Maps/ThirdPersonMap/1/WU/NB37RT5Q32Z8MJWD8BD2SO
 |- Actor Path: /Game/ThirdPerson/Maps/ThirdPersonMap.ThirdPersonMap:PersistentLevel.VolumetricCloud_0
 |- Actor Package: /Game/__ExternalActors__/ThirdPerson/Maps/ThirdPersonMap/3/EY/87SHEJN5UBEAN2K5OV1G6R
 |- Actor Path: /Game/ThirdPerson/Maps/ThirdPersonMap.ThirdPersonMap:PersistentLevel.WorldDataLayers
 |- Actor Package: /Game/__ExternalActors__/ThirdPerson/Maps/ThirdPersonMap/0/43/HYQWORMY4JDQ5X3OKZXFLC

----------------------------------------------------------------------------------------------------------------
ThirdPersonMap - Runtime Hash Set
----------------------------------------------------------------------------------------------------------------

